Using pre-set license

 COMMAND LINE ARGUMENTS:
/Volumes/Data/unity/2020.3.16f1/Unity.app/Contents/MacOS/Unity
-adb2
-batchMode
-noUpm
-name
AssetImportWorker0
-projectPath
/Volumes/Data/tr/Teleball
-logFile
Logs/AssetImportWorker0.log
-srvPort
50933
Successfully changed project path to: /Volumes/Data/tr/Teleball
/Volumes/Data/tr/Teleball
Using Asset Import Pipeline V2.
Refreshing native plugins compatible for Editor in 82.29 ms, found 3 plugins.
Preloading 0 native plugins for Editor in 0.00 ms.
Initialize engine version: 2020.3.16f1 (049d6eca3c44)
[Subsystems] Discovering subsystems at path /Volumes/Data/unity/2020.3.16f1/Unity.app/Contents/Resources/UnitySubsystems
[Subsystems] Discovering subsystems at path /Volumes/Data/tr/Teleball/Assets
GfxDevice: creating device client; threaded=0
2022-02-05 15:07:48.413 Unity[46301:513996] Color LCD preferred device: Intel HD Graphics 4000 (low power)
2022-02-05 15:07:48.413 Unity[46301:513996] Metal devices available: 1
2022-02-05 15:07:48.413 Unity[46301:513996] 0: Intel HD Graphics 4000 (low power)
2022-02-05 15:07:48.414 Unity[46301:513996] Using device Intel HD Graphics 4000 (low power)
Initializing Metal device caps: Intel HD Graphics 4000
Invalid texture used for cursor - check importer settings or texture creation. Texture must be RGBA32, readable, have alphaIsTransparency enabled and have no mip chain.
 #0 GetStacktrace(int)
 #1 DebugStringToFile(DebugStringToFileData const&)
 #2 Cursors::ValidateCursor(Texture2D const*)
 #3 PlayerSettings::InitDefaultCursors()
 #4 PlayerSettings::PostInitializeClass()
 #5 TypeManager::CallPostInitializeTypes()
 #6 InitializeEngineGraphics(bool)
 #7 Application::InitializeProject()
 #8 -[EditorApplication applicationDidFinishLaunching:]
 #9 __CFNOTIFICATIONCENTER_IS_CALLING_OUT_TO_AN_OBSERVER__
 #10 ___CFXRegistrationPost1_block_invoke
 #11 _CFXRegistrationPost1
 #12 ___CFXNotificationPost_block_invoke
 #13 -[_CFXNotificationRegistrar find:object:observer:enumerator:]
 #14 _CFXNotificationPost
 #15 -[NSNotificationCenter postNotificationName:object:userInfo:]
 #16 -[NSApplication _postDidFinishNotification]
 #17 -[NSApplication _sendFinishLaunchingNotification]
 #18 -[NSApplication(NSAppleEventHandling) _handleAEOpenEvent:]
 #19 -[NSApplication(NSAppleEventHandling) _handleCoreEvent:withReplyEvent:]
 #20 -[NSAppleEventManager dispatchRawAppleEvent:withRawReply:handlerRefCon:]
 #21 _NSAppleEventManagerGenericHandler
 #22 _AppleEventsCheckInAppWithBlock
 #23 _AppleEventsCheckInAppWithBlock
 #24 aeProcessAppleEvent
 #25 AEProcessAppleEvent
 #26 _DPSNextEvent
 #27 -[NSApplication(NSEvent) _nextEventMatchingEventMask:untilDate:inMode:dequeue:]
 #28 -[NSApplication run]
 #29 NSApplicationMain
 #30 EditorMain(int, char const**)
 #31 main
 #32 start
 #33 ???

Initialize mono
Mono path[0] = '/Volumes/Data/unity/2020.3.16f1/Unity.app/Contents/Managed'
Mono path[1] = '/Volumes/Data/unity/2020.3.16f1/Unity.app/Contents/MonoBleedingEdge/lib/mono/unityjit'
Mono config path = '/Volumes/Data/unity/2020.3.16f1/Unity.app/Contents/MonoBleedingEdge/etc'
Using monoOptions --debugger-agent=transport=dt_socket,embedding=1,server=y,suspend=n,address=127.0.0.1:56301
Begin MonoManager ReloadAssembly
Registering precompiled unity dll's ...
Register platform support module: /Volumes/Data/unity/2020.3.16f1/PlaybackEngines/WebGLSupport/UnityEditor.WebGL.Extensions.dll
Register platform support module: /Volumes/Data/unity/2020.3.16f1/Unity.app/Contents/PlaybackEngines/MacStandaloneSupport/UnityEditor.OSXStandalone.Extensions.dll
Registered in 0.038086 seconds.
Native extension for OSXStandalone target not found
Native extension for WebGL target not found
Refreshing native plugins compatible for Editor in 81.91 ms, found 3 plugins.
Preloading 0 native plugins for Editor in 0.00 ms.
Mono: successfully reloaded assembly
- Completed reload, in  2.783 seconds
Domain Reload Profiling:
	ReloadAssembly (2784ms)
		BeginReloadAssembly (110ms)
			ExecutionOrderSort (0ms)
			DisableScriptedObjects (0ms)
			BackupInstance (0ms)
			ReleaseScriptingObjects (0ms)
			CreateAndSetChildDomain (3ms)
		EndReloadAssembly (948ms)
			LoadAssemblies (121ms)
			RebuildTransferFunctionScriptingTraits (0ms)
			SetupTypeCache (373ms)
			ReleaseScriptCaches (0ms)
			RebuildScriptCaches (75ms)
			SetupLoadedEditorAssemblies (386ms)
				LogAssemblyErrors (0ms)
				InitializePlatformSupportModulesInManaged (8ms)
				SetLoadedEditorAssemblies (0ms)
				RefreshPlugins (82ms)
				BeforeProcessingInitializeOnLoad (17ms)
				ProcessInitializeOnLoadAttributes (202ms)
				ProcessInitializeOnLoadMethodAttributes (76ms)
				AfterProcessingInitializeOnLoad (0ms)
				EditorAssembliesLoaded (0ms)
			ExecutionOrderSort2 (0ms)
			AwakeInstancesAfterBackupRestoration (0ms)
Platform modules already initialized, skipping
Registering precompiled user dll's ...
Registered in 0.081355 seconds.
Begin MonoManager ReloadAssembly
Native extension for OSXStandalone target not found
Native extension for WebGL target not found
Refreshing native plugins compatible for Editor in 79.24 ms, found 3 plugins.
Preloading 0 native plugins for Editor in 0.00 ms.
